<?xml version="1.0" encoding="utf-8"?>
<CoverageSession>
  <Summary numSequencePoints="6" visitedSequencePoints="0" numBranchPoints="0" visitedBranchPoints="0" sequenceCoverage="0" branchCoverage="100" maxCyclomaticComplexity="6" minCyclomaticComplexity="6" visitedClasses="0" numClasses="2" visitedMethods="0" numMethods="6" />
  <Modules>
    <Module hash="4DB831DA-28EB-4170-9F00-A6BAB996AB19">
      <ModulePath>Domain.dll</ModulePath>
      <ModuleTime>2020-04-15T10:43:26</ModuleTime>
      <ModuleName>Domain</ModuleName>
      <Files>
        <File uid="1" fullPath="/home/wiseby/SourceCode/Projects/SFF_API_V1/src/Domain/Movie.cs" />
        <File uid="2" fullPath="/home/wiseby/SourceCode/Projects/SFF_API_V1/src/Domain/Studio.cs" />
      </Files>
      <Classes>
        <Class>
          <Summary numSequencePoints="3" visitedSequencePoints="0" numBranchPoints="0" visitedBranchPoints="0" sequenceCoverage="0" branchCoverage="100" maxCyclomaticComplexity="1" minCyclomaticComplexity="1" visitedClasses="0" numClasses="1" visitedMethods="0" numMethods="3" />
          <FullName>Domain.Movie</FullName>
          <Methods>
            <Method cyclomaticComplexity="1" nPathComplexity="0" sequenceCoverage="0" branchCoverage="100" isConstructor="False" isGetter="True" isSetter="False" isStatic="True">
              <Summary numSequencePoints="1" visitedSequencePoints="0" numBranchPoints="0" visitedBranchPoints="0" sequenceCoverage="0" branchCoverage="100" maxCyclomaticComplexity="1" minCyclomaticComplexity="1" visitedClasses="0" numClasses="0" visitedMethods="0" numMethods="1" />
              <MetadataToken />
              <Name>System.Int32 Domain.Movie::get_Id()</Name>
              <FileRef uid="1" />
              <SequencePoints>
                <SequencePoint vc="0" uspid="7" ordinal="0" sl="7" sc="1" el="7" ec="2" bec="0" bev="0" fileid="1" />
              </SequencePoints>
              <BranchPoints />
              <MethodPoint vc="0" uspid="0" p8:type="SequencePoint" ordinal="0" offset="0" sc="0" sl="7" ec="1" el="7" bec="0" bev="0" fileid="1" xmlns:p8="xsi" />
            </Method>
            <Method cyclomaticComplexity="1" nPathComplexity="0" sequenceCoverage="0" branchCoverage="100" isConstructor="False" isGetter="True" isSetter="False" isStatic="True">
              <Summary numSequencePoints="1" visitedSequencePoints="0" numBranchPoints="0" visitedBranchPoints="0" sequenceCoverage="0" branchCoverage="100" maxCyclomaticComplexity="1" minCyclomaticComplexity="1" visitedClasses="0" numClasses="0" visitedMethods="0" numMethods="1" />
              <MetadataToken />
              <Name>System.String Domain.Movie::get_Name()</Name>
              <FileRef uid="1" />
              <SequencePoints>
                <SequencePoint vc="0" uspid="8" ordinal="0" sl="8" sc="1" el="8" ec="2" bec="0" bev="0" fileid="1" />
              </SequencePoints>
              <BranchPoints />
              <MethodPoint vc="0" uspid="0" p8:type="SequencePoint" ordinal="1" offset="1" sc="0" sl="8" ec="1" el="8" bec="0" bev="0" fileid="1" xmlns:p8="xsi" />
            </Method>
            <Method cyclomaticComplexity="1" nPathComplexity="0" sequenceCoverage="0" branchCoverage="100" isConstructor="False" isGetter="True" isSetter="False" isStatic="True">
              <Summary numSequencePoints="1" visitedSequencePoints="0" numBranchPoints="0" visitedBranchPoints="0" sequenceCoverage="0" branchCoverage="100" maxCyclomaticComplexity="1" minCyclomaticComplexity="1" visitedClasses="0" numClasses="0" visitedMethods="0" numMethods="1" />
              <MetadataToken />
              <Name>System.String Domain.Movie::get_Category()</Name>
              <FileRef uid="1" />
              <SequencePoints>
                <SequencePoint vc="0" uspid="9" ordinal="0" sl="9" sc="1" el="9" ec="2" bec="0" bev="0" fileid="1" />
              </SequencePoints>
              <BranchPoints />
              <MethodPoint vc="0" uspid="0" p8:type="SequencePoint" ordinal="2" offset="2" sc="0" sl="9" ec="1" el="9" bec="0" bev="0" fileid="1" xmlns:p8="xsi" />
            </Method>
          </Methods>
        </Class>
        <Class>
          <Summary numSequencePoints="3" visitedSequencePoints="0" numBranchPoints="0" visitedBranchPoints="0" sequenceCoverage="0" branchCoverage="100" maxCyclomaticComplexity="1" minCyclomaticComplexity="1" visitedClasses="0" numClasses="1" visitedMethods="0" numMethods="3" />
          <FullName>Domain.Studio</FullName>
          <Methods>
            <Method cyclomaticComplexity="1" nPathComplexity="0" sequenceCoverage="0" branchCoverage="100" isConstructor="False" isGetter="True" isSetter="False" isStatic="True">
              <Summary numSequencePoints="1" visitedSequencePoints="0" numBranchPoints="0" visitedBranchPoints="0" sequenceCoverage="0" branchCoverage="100" maxCyclomaticComplexity="1" minCyclomaticComplexity="1" visitedClasses="0" numClasses="0" visitedMethods="0" numMethods="1" />
              <MetadataToken />
              <Name>System.Int32 Domain.Studio::get_Id()</Name>
              <FileRef uid="2" />
              <SequencePoints>
                <SequencePoint vc="0" uspid="7" ordinal="0" sl="7" sc="1" el="7" ec="2" bec="0" bev="0" fileid="2" />
              </SequencePoints>
              <BranchPoints />
              <MethodPoint vc="0" uspid="0" p8:type="SequencePoint" ordinal="0" offset="0" sc="0" sl="7" ec="1" el="7" bec="0" bev="0" fileid="2" xmlns:p8="xsi" />
            </Method>
            <Method cyclomaticComplexity="1" nPathComplexity="0" sequenceCoverage="0" branchCoverage="100" isConstructor="False" isGetter="True" isSetter="False" isStatic="True">
              <Summary numSequencePoints="1" visitedSequencePoints="0" numBranchPoints="0" visitedBranchPoints="0" sequenceCoverage="0" branchCoverage="100" maxCyclomaticComplexity="1" minCyclomaticComplexity="1" visitedClasses="0" numClasses="0" visitedMethods="0" numMethods="1" />
              <MetadataToken />
              <Name>System.String Domain.Studio::get_Name()</Name>
              <FileRef uid="2" />
              <SequencePoints>
                <SequencePoint vc="0" uspid="8" ordinal="0" sl="8" sc="1" el="8" ec="2" bec="0" bev="0" fileid="2" />
              </SequencePoints>
              <BranchPoints />
              <MethodPoint vc="0" uspid="0" p8:type="SequencePoint" ordinal="1" offset="1" sc="0" sl="8" ec="1" el="8" bec="0" bev="0" fileid="2" xmlns:p8="xsi" />
            </Method>
            <Method cyclomaticComplexity="1" nPathComplexity="0" sequenceCoverage="0" branchCoverage="100" isConstructor="False" isGetter="True" isSetter="False" isStatic="True">
              <Summary numSequencePoints="1" visitedSequencePoints="0" numBranchPoints="0" visitedBranchPoints="0" sequenceCoverage="0" branchCoverage="100" maxCyclomaticComplexity="1" minCyclomaticComplexity="1" visitedClasses="0" numClasses="0" visitedMethods="0" numMethods="1" />
              <MetadataToken />
              <Name>System.String Domain.Studio::get_Location()</Name>
              <FileRef uid="2" />
              <SequencePoints>
                <SequencePoint vc="0" uspid="9" ordinal="0" sl="9" sc="1" el="9" ec="2" bec="0" bev="0" fileid="2" />
              </SequencePoints>
              <BranchPoints />
              <MethodPoint vc="0" uspid="0" p8:type="SequencePoint" ordinal="2" offset="2" sc="0" sl="9" ec="1" el="9" bec="0" bev="0" fileid="2" xmlns:p8="xsi" />
            </Method>
          </Methods>
        </Class>
      </Classes>
    </Module>
  </Modules>
</CoverageSession>